<?xml version="1.0" encoding="UTF-8"?>
<!-- Generated by org.testng.reporters.JUnitReportReporter -->
<testsuite hostname="DESKTOP-GQDM6SC" failures="0" tests="2" name="tests.TestExamples" time="6.314" errors="0" timestamp="2023-07-01T20:27:43 IST" skipped="0">
  <testcase classname="tests.TestExamples" name="test_two" time="2.061"/>
  <system-out/>
  <testcase classname="tests.TestExamples" name="test_One" time="4.253"/>
  <system-out/>
</testsuite> <!-- tests.TestExamples -->
