<?xml version="1.0" encoding="UTF-8"?>
<!-- Generated by org.testng.reporters.JUnitReportReporter -->
<testsuite hostname="DESKTOP-GQDM6SC" failures="0" tests="3" name="tests.PutPatchDeleteExample" time="5.297" errors="0" timestamp="2023-07-02T11:58:32 IST" skipped="0">
  <testcase classname="tests.PutPatchDeleteExample" name="testPatch" time="0.733"/>
  <system-out/>
  <testcase classname="tests.PutPatchDeleteExample" name="testDelete" time="3.940"/>
  <system-out/>
  <testcase classname="tests.PutPatchDeleteExample" name="testPut" time="0.624"/>
  <system-out/>
</testsuite> <!-- tests.PutPatchDeleteExample -->
