<?xml version="1.0" encoding="UTF-8"?>
<!-- Generated by org.testng.reporters.JUnitReportReporter -->
<testsuite hostname="DESKTOP-GQDM6SC" failures="0" tests="1" name="tests.GetAndPostExample" time="4.431" errors="0" timestamp="2023-07-01T22:00:06 IST" skipped="0">
  <testcase classname="tests.GetAndPostExample" name="testPost" time="4.431"/>
  <system-out/>
</testsuite> <!-- tests.GetAndPostExample -->
